<?xml version="1.0" encoding="UTF-8"?>
<!-- Generated by org.testng.reporters.JUnitXMLReporter -->
<testsuite hostname="LAPTOP-9B01OS6D" ignored="1" name="Test" tests="2" failures="1" timestamp="2022-07-14T16:49:10 IST" time="2.465" errors="0">
  <testcase name="createOrg" time="0.011" classname="OrganizationTest.OrganizationTest">
    <failure type="java.lang.NullPointerException">
      <![CDATA[java.lang.NullPointerException
at OrganizationTest.OrganizationTest.createOrg(OrganizationTest.java:21)
at java.util.ArrayList.forEach(ArrayList.java:1259)
... Removed 27 stack frames]]>
    </failure>
  </testcase> <!-- createOrg -->
  <testcase name="createContactandDelete" time="2.388" classname="com.crm.espinaca.ContactTest.ContactTest"/>
  <testcase name="createContact" time="0.0" classname="com.crm.espinaca.ContactTest.ContactTest">
    <ignored/>
  </testcase> <!-- createContact -->
</testsuite> <!-- Test -->
