<?xml version="1.0" encoding="UTF-8"?>
<!-- Generated by org.testng.reporters.JUnitXMLReporter -->
<testsuite hostname="LAPTOP-9B01OS6D" ignored="0" name="Test" tests="1" failures="1" timestamp="2022-07-14T15:59:38 IST" time="0.057" errors="0">
  <testcase name="createOrg" time="0.004" classname="OrganizationTest.OrganizationTest">
    <failure type="java.lang.NullPointerException">
      <![CDATA[java.lang.NullPointerException
at OrganizationTest.OrganizationTest.createOrg(OrganizationTest.java:21)
at java.util.ArrayList.forEach(ArrayList.java:1259)
at java.util.concurrent.FutureTask.run(FutureTask.java:266)
at java.util.concurrent.ThreadPoolExecutor.runWorker(ThreadPoolExecutor.java:1149)
at java.util.concurrent.ThreadPoolExecutor$Worker.run(ThreadPoolExecutor.java:624)
at java.lang.Thread.run(Thread.java:748)
... Removed 18 stack frames]]>
    </failure>
  </testcase> <!-- createOrg -->
</testsuite> <!-- Test -->
